f:\助教\助教\不完整程序\实验1_直线+bezier曲线\line_frame\line\release\vc140.pdb
f:\助教\助教\不完整程序\实验1_直线+bezier曲线\line_frame\line\release\main.obj
f:\助教\助教\不完整程序\实验1_直线+bezier曲线\line_frame\line\release\line.obj
f:\助教\助教\不完整程序\实验1_直线+bezier曲线\line_frame\line\release\letter.obj
e:\北航工训\实验一\实验1_直线+bezier曲线\line_frame\line\release\vc140.pdb
e:\北航工训\实验一\实验1_直线+bezier曲线\line_frame\line\release\main.obj
e:\北航工训\实验一\实验1_直线+bezier曲线\line_frame\line\release\line.obj
e:\北航工训\实验一\实验1_直线+bezier曲线\line_frame\line\release\letter.obj
e:\北航工训\实验一\实验1_直线+bezier曲线\line_frame\line\release\line.exe.intermediate.manifest
e:\北航工训\实验一\实验1_直线+bezier曲线\line_frame\line\release\vc80.idb
e:\北航工训\实验一\实验1_直线+bezier曲线\line_frame\line\release\vc90.idb
e:\北航工训\实验一\实验1_直线+bezier曲线\line_frame\line\release\vc80.pdb
e:\北航工训\实验一\实验1_直线+bezier曲线\line_frame\line\release\vc90.pdb
e:\北航工训\实验一\实验1_直线+bezier曲线\line_frame\release\line.pdb
e:\北航工训\实验一\实验1_直线+bezier曲线\line_frame\line\release\line.tlog\cl.command.1.tlog
e:\北航工训\实验一\实验1_直线+bezier曲线\line_frame\line\release\line.tlog\cl.read.1.tlog
e:\北航工训\实验一\实验1_直线+bezier曲线\line_frame\line\release\line.tlog\cl.write.1.tlog
e:\北航工训\实验一\实验1_直线+bezier曲线\line_frame\line\release\line.tlog\link-cvtres.read.1.tlog
e:\北航工训\实验一\实验1_直线+bezier曲线\line_frame\line\release\line.tlog\link-cvtres.write.1.tlog
e:\北航工训\实验一\实验1_直线+bezier曲线\line_frame\line\release\line.tlog\link-rc.read.1.tlog
e:\北航工训\实验一\实验1_直线+bezier曲线\line_frame\line\release\line.tlog\link-rc.write.1.tlog
e:\北航工训\实验一\实验1_直线+bezier曲线\line_frame\line\release\line.tlog\link.command.1.tlog
e:\北航工训\实验一\实验1_直线+bezier曲线\line_frame\line\release\line.tlog\link.read.1.tlog
e:\北航工训\实验一\实验1_直线+bezier曲线\line_frame\line\release\line.tlog\link.write.1.tlog
